<?xml version="1.0" encoding="UTF-8"?>
<!-- Generated by org.testng.reporters.JUnitReportReporter -->
<testsuite hostname="LAPTOP-D5SVVGSV" failures="0" tests="1" name="testcases.test_userrole" time="2.252" errors="0" timestamp="2021-07-27T14:20:42 EDT" skipped="0">
  <testcase classname="testcases.test_userrole" name="checkuserrole" time="2.252"/>
  <system-out/>
</testsuite> <!-- testcases.test_userrole -->
