<?xml version="1.0" encoding="UTF-8"?>
<!-- Generated by org.testng.reporters.JUnitReportReporter -->
<testsuite hostname="LAPTOP-D5SVVGSV" failures="0" tests="1" name="testcases.test_pending_leave_request" time="3.060" errors="0" timestamp="2021-07-27T14:20:42 EDT" skipped="0">
  <testcase classname="testcases.test_pending_leave_request" name="verifyPendingLeaveRquests" time="3.060"/>
  <system-out/>
</testsuite> <!-- testcases.test_pending_leave_request -->
